{
  "stats": {
    "suites": 0,
    "tests": 2,
    "passes": 2,
    "pending": 0,
    "failures": 0,
    "start": "2021-12-07T09:38:54.869Z",
    "end": "2021-12-07T09:39:16.089Z",
    "duration": 21220,
    "testsRegistered": 2,
    "passPercent": 100,
    "pendingPercent": 0,
    "other": 0,
    "hasOther": false,
    "skipped": 0,
    "hasSkipped": false
  },
  "results": [
    {
      "uuid": "a2833f10-087c-414c-811d-0870f59a312d",
      "title": "",
      "fullFile": "cypress/integration/test1.js",
      "file": "cypress/integration/test1.js",
      "beforeHooks": [],
      "afterHooks": [],
      "tests": [
        {
          "title": "input forms",
          "fullTitle": "input forms",
          "timedOut": null,
          "duration": 15063,
          "state": "passed",
          "speed": "slow",
          "pass": true,
          "fail": false,
          "pending": false,
          "context": null,
          "code": "cy.visit('http://demo.seleniumeasy.com/'); //opening browser\ncy.get('.at-cm-no-button').click(); //close the popup\ncy.get(':nth-child(1) > :nth-child(1) > .dropdown-toggle').click(); // select inputforms\ncy.get('.open > .dropdown-menu > :nth-child(1) > a').click(); // select simple form demo\ncy.get('.form-group > #user-message').type('Hello world'); // enter a message\ncy.get('#get-input > .btn').click(); // click show_message button\ncy.wait(2000);\ncy.get('#sum1').type('2'); // enter a value\ncy.get('#sum2').type('3'); // enter b value\ncy.get('#gettotal > .btn').click(); // click get_total\ncy.wait(2000);",
          "err": {},
          "uuid": "d2f0a58b-96b8-4dc8-8544-2cb29a028fb9",
          "parentUUID": "a2833f10-087c-414c-811d-0870f59a312d",
          "isHook": false,
          "skipped": false
        },
        {
          "title": "check box",
          "fullTitle": "check box",
          "timedOut": null,
          "duration": 2774,
          "state": "passed",
          "speed": "fast",
          "pass": true,
          "fail": false,
          "pending": false,
          "context": null,
          "code": "cy.get(':nth-child(1) > :nth-child(1) > .dropdown-toggle').click(); // select inputforms\ncy.get('.open > .dropdown-menu > :nth-child(2) > a').click(); // select checkbox demo\ncy.get('#isAgeSelected').check(); //.should(be.checked)\ncy.get('#check1').click(); // click checkall button\ncy.get(':nth-child(3) > label > .cb1-element').uncheck(); // unchecking checked checkbox\ncy.get(':nth-child(4) > label > .cb1-element').uncheck();",
          "err": {},
          "uuid": "0c777d6a-279a-4758-b7d9-f28c44086c8d",
          "parentUUID": "a2833f10-087c-414c-811d-0870f59a312d",
          "isHook": false,
          "skipped": false
        }
      ],
      "suites": [],
      "passes": [
        "d2f0a58b-96b8-4dc8-8544-2cb29a028fb9",
        "0c777d6a-279a-4758-b7d9-f28c44086c8d"
      ],
      "failures": [],
      "pending": [],
      "skipped": [],
      "duration": 17837,
      "root": true,
      "rootEmpty": false,
      "_timeout": 2000
    }
  ],
  "meta": {
    "mocha": {
      "version": "7.0.1"
    },
    "mochawesome": {
      "options": {
        "quiet": false,
        "reportFilename": "mochawesome",
        "saveHtml": false,
        "saveJson": true,
        "consoleReporter": "spec",
        "useInlineDiffs": false,
        "code": true
      },
      "version": "7.0.1"
    },
    "marge": {
      "options": {
        "overwrite": false,
        "html": false,
        "json": true
      },
      "version": "6.0.1"
    }
  }
}