{
  "stats": {
    "suites": 1,
    "tests": 5,
    "passes": 5,
    "pending": 0,
    "failures": 0,
    "start": "2021-12-07T09:52:41.457Z",
    "end": "2021-12-07T09:53:13.327Z",
    "duration": 31870,
    "testsRegistered": 5,
    "passPercent": 100,
    "pendingPercent": 0,
    "other": 0,
    "hasOther": false,
    "skipped": 0,
    "hasSkipped": false
  },
  "results": [
    {
      "uuid": "401121e9-9e53-43c9-9f5b-c4edf9b696a9",
      "title": "",
      "fullFile": "cypress/integration/sel_cy_demo.js",
      "file": "cypress/integration/sel_cy_demo.js",
      "beforeHooks": [],
      "afterHooks": [],
      "tests": [],
      "suites": [
        {
          "uuid": "1a742343-45e8-49dd-baec-033c833f6459",
          "title": "demo",
          "fullFile": "",
          "file": "",
          "beforeHooks": [],
          "afterHooks": [],
          "tests": [
            {
              "title": "simple forms demo",
              "fullTitle": "demo simple forms demo",
              "timedOut": null,
              "duration": 14257,
              "state": "passed",
              "speed": "slow",
              "pass": true,
              "fail": false,
              "pending": false,
              "context": null,
              "code": "runner.navigate();\nrunner.open_ipforms();\nrunner.simpleForms_message(); //    runner.simpleform1_validation();\nrunner.simpleForms_total();",
              "err": {},
              "uuid": "dd4b0f9b-e9fd-4d3b-8dfc-7fd910fdd5d3",
              "parentUUID": "1a742343-45e8-49dd-baec-033c833f6459",
              "isHook": false,
              "skipped": false
            },
            {
              "title": "check box demo",
              "fullTitle": "demo check box demo",
              "timedOut": null,
              "duration": 2927,
              "state": "passed",
              "speed": "fast",
              "pass": true,
              "fail": false,
              "pending": false,
              "context": null,
              "code": "runner.open_ipforms();\nrunner.checkBox();",
              "err": {},
              "uuid": "66cc253d-00c5-4d08-b464-553f360317b6",
              "parentUUID": "1a742343-45e8-49dd-baec-033c833f6459",
              "isHook": false,
              "skipped": false
            },
            {
              "title": "radio demo",
              "fullTitle": "demo radio demo",
              "timedOut": null,
              "duration": 4102,
              "state": "passed",
              "speed": "fast",
              "pass": true,
              "fail": false,
              "pending": false,
              "context": null,
              "code": "runner.open_ipforms();\nrunner.open_radioBox();\nrunner.checkRadioButton_1();\nrunner.checkRadioButton_2();",
              "err": {},
              "uuid": "6cebb2fe-dbce-4d9b-b049-3e6cceeb7407",
              "parentUUID": "1a742343-45e8-49dd-baec-033c833f6459",
              "isHook": false,
              "skipped": false
            },
            {
              "title": "table demo",
              "fullTitle": "demo table demo",
              "timedOut": null,
              "duration": 4275,
              "state": "passed",
              "speed": "fast",
              "pass": true,
              "fail": false,
              "pending": false,
              "context": null,
              "code": "//    runner.navigate();\nrunner.open_table();\nrunner.tableDemo();",
              "err": {},
              "uuid": "b086ea2d-286d-4659-839b-5a5a21add5ea",
              "parentUUID": "1a742343-45e8-49dd-baec-033c833f6459",
              "isHook": false,
              "skipped": false
            },
            {
              "title": "Alerts",
              "fullTitle": "demo Alerts",
              "timedOut": null,
              "duration": 1663,
              "state": "passed",
              "speed": "fast",
              "pass": true,
              "fail": false,
              "pending": false,
              "context": null,
              "code": "// runner.navigate();\nrunner.open_alertBox();\nrunner.click_alert('I am an alert box!');\nrunner.alertConfirm(false);\nrunner.promptBoxAlert();",
              "err": {},
              "uuid": "2b6f3c21-71c5-442a-97fa-6dadd679f428",
              "parentUUID": "1a742343-45e8-49dd-baec-033c833f6459",
              "isHook": false,
              "skipped": false
            }
          ],
          "suites": [],
          "passes": [
            "dd4b0f9b-e9fd-4d3b-8dfc-7fd910fdd5d3",
            "66cc253d-00c5-4d08-b464-553f360317b6",
            "6cebb2fe-dbce-4d9b-b049-3e6cceeb7407",
            "b086ea2d-286d-4659-839b-5a5a21add5ea",
            "2b6f3c21-71c5-442a-97fa-6dadd679f428"
          ],
          "failures": [],
          "pending": [],
          "skipped": [],
          "duration": 27224,
          "root": false,
          "rootEmpty": false,
          "_timeout": 2000
        }
      ],
      "passes": [],
      "failures": [],
      "pending": [],
      "skipped": [],
      "duration": 0,
      "root": true,
      "rootEmpty": true,
      "_timeout": 2000
    }
  ],
  "meta": {
    "mocha": {
      "version": "7.0.1"
    },
    "mochawesome": {
      "options": {
        "quiet": false,
        "reportFilename": "mochawesome",
        "saveHtml": false,
        "saveJson": true,
        "consoleReporter": "spec",
        "useInlineDiffs": false,
        "code": true
      },
      "version": "7.0.1"
    },
    "marge": {
      "options": {
        "overwrite": false,
        "html": false,
        "json": true
      },
      "version": "6.0.1"
    }
  }
}