{
  "stats": {
    "suites": 0,
    "tests": 1,
    "passes": 1,
    "pending": 0,
    "failures": 0,
    "start": "2021-12-07T09:39:51.437Z",
    "end": "2021-12-07T09:40:27.627Z",
    "duration": 36190,
    "testsRegistered": 1,
    "passPercent": 100,
    "pendingPercent": 0,
    "other": 0,
    "hasOther": false,
    "skipped": 0,
    "hasSkipped": false
  },
  "results": [
    {
      "uuid": "aa7ab5f3-c012-4f80-bb20-939c2e1c0dc5",
      "title": "",
      "fullFile": "cypress/integration/test3.js",
      "file": "cypress/integration/test3.js",
      "beforeHooks": [],
      "afterHooks": [],
      "tests": [
        {
          "title": "radio button",
          "fullTitle": "radio button",
          "timedOut": null,
          "duration": 32729,
          "state": "passed",
          "speed": "slow",
          "pass": true,
          "fail": false,
          "pending": false,
          "context": null,
          "code": "// obj = new Cypress();\ncy.visit('http://demo.seleniumeasy.com/');\ncy.get('.at-cm-no-button').click();\ncy.get(':nth-child(1) > :nth-child(1) > .dropdown-toggle').click();\ncy.get('.open > .dropdown-menu > :nth-child(3) > a').click();\ncy.get(':nth-child(4) > .panel-body').find('[type=radio]').then(radioButtons => {\n  for (let i = 0; i <= 1; i++) {\n    cy.wrap(radioButtons).eq(i).check().should('be.checked');\n    cy.get('#buttoncheck').click(); // cy.get('.radiobutton').should('contain','Radio button ')\n  }\n});\nfor (let j = 0; j <= 1; j++) {\n  cy.get(':nth-child(5) > .panel-body').find('[type=radio]').then(radioButtons => {\n    cy.wrap(radioButtons).eq(j).check();\n    cy.get(':nth-child(5) > .panel-body > :nth-child(3)').find('[type=radio]').then(radioButtons => {\n      // this.obj.radioB();\n      for (let i = 0; i <= 2; i++) {\n        cy.wrap(radioButtons).eq(i).check().should('be.checked');\n        cy.get('.panel-body > .btn').click();\n        cy.get('.groupradiobutton'); //.should(be.Age group: list[i])\n        cy.get('.groupradiobutton').each((element, index, list) => {\n          expect(Cypress.$(element)).to.be.visible;\n        });\n      }\n    });\n  });\n}",
          "err": {},
          "uuid": "0e3b6fa3-ed84-4ba3-8271-39d244c0cc41",
          "parentUUID": "aa7ab5f3-c012-4f80-bb20-939c2e1c0dc5",
          "isHook": false,
          "skipped": false
        }
      ],
      "suites": [],
      "passes": [
        "0e3b6fa3-ed84-4ba3-8271-39d244c0cc41"
      ],
      "failures": [],
      "pending": [],
      "skipped": [],
      "duration": 32729,
      "root": true,
      "rootEmpty": false,
      "_timeout": 2000
    }
  ],
  "meta": {
    "mocha": {
      "version": "7.0.1"
    },
    "mochawesome": {
      "options": {
        "quiet": false,
        "reportFilename": "mochawesome",
        "saveHtml": false,
        "saveJson": true,
        "consoleReporter": "spec",
        "useInlineDiffs": false,
        "code": true
      },
      "version": "7.0.1"
    },
    "marge": {
      "options": {
        "overwrite": false,
        "html": false,
        "json": true
      },
      "version": "6.0.1"
    }
  }
}