{
  "stats": {
    "suites": 0,
    "tests": 1,
    "passes": 1,
    "pending": 0,
    "failures": 0,
    "start": "2021-12-07T09:38:31.222Z",
    "end": "2021-12-07T09:38:47.022Z",
    "duration": 15800,
    "testsRegistered": 1,
    "passPercent": 100,
    "pendingPercent": 0,
    "other": 0,
    "hasOther": false,
    "skipped": 0,
    "hasSkipped": false
  },
  "results": [
    {
      "uuid": "264ad8cf-f663-4ad1-885d-a7226feaf872",
      "title": "",
      "fullFile": "cypress/integration/table.js",
      "file": "cypress/integration/table.js",
      "beforeHooks": [],
      "afterHooks": [],
      "tests": [
        {
          "title": "table demo",
          "fullTitle": "table demo",
          "timedOut": null,
          "duration": 12035,
          "state": "passed",
          "speed": "slow",
          "pass": true,
          "fail": false,
          "pending": false,
          "context": null,
          "code": "cy.visit('http://demo.seleniumeasy.com/');\ncy.get('.at-cm-no-button').click();\ncy.get(':nth-child(1) > :nth-child(3) > .dropdown-toggle').click();\ncy.get('.open > .dropdown-menu > :nth-child(2) > a').click();\nfor (let i = 0; i <= 3; i++) {\n  cy.get('#task-table-filter').type(task[i]);\n  cy.get('.text-center > :nth-child(1) > .col-md-6 > :nth-child(2)').each(($el, index, $list) => {\n    const txt = $el.text();\n    if (txt.includes(task[i])) {\n      cy.get('.text-center > :nth-child(1) > .col-md-6 > :nth-child(2)').eq(index).then(function (desc) {\n        const rsl = desc.text(); //assertion to verify the text\n        expect(rsl).to.contains(task[i]);\n        cy.get('#task-table-filter').clear();\n      });\n    }\n  });\n}",
          "err": {},
          "uuid": "e6c9c2cf-2251-4f29-a97e-8541e013e4c4",
          "parentUUID": "264ad8cf-f663-4ad1-885d-a7226feaf872",
          "isHook": false,
          "skipped": false
        }
      ],
      "suites": [],
      "passes": [
        "e6c9c2cf-2251-4f29-a97e-8541e013e4c4"
      ],
      "failures": [],
      "pending": [],
      "skipped": [],
      "duration": 12035,
      "root": true,
      "rootEmpty": false,
      "_timeout": 2000
    }
  ],
  "meta": {
    "mocha": {
      "version": "7.0.1"
    },
    "mochawesome": {
      "options": {
        "quiet": false,
        "reportFilename": "mochawesome",
        "saveHtml": false,
        "saveJson": true,
        "consoleReporter": "spec",
        "useInlineDiffs": false,
        "code": true
      },
      "version": "7.0.1"
    },
    "marge": {
      "options": {
        "overwrite": false,
        "html": false,
        "json": true
      },
      "version": "6.0.1"
    }
  }
}