{
  "stats": {
    "suites": 1,
    "tests": 1,
    "passes": 1,
    "pending": 0,
    "failures": 0,
    "start": "2021-12-07T09:37:10.452Z",
    "end": "2021-12-07T09:37:27.969Z",
    "duration": 17517,
    "testsRegistered": 1,
    "passPercent": 100,
    "pendingPercent": 0,
    "other": 0,
    "hasOther": false,
    "skipped": 0,
    "hasSkipped": false
  },
  "results": [
    {
      "uuid": "c9e28d9b-5acb-47bc-b668-eb2ca5c910a3",
      "title": "",
      "fullFile": "cypress/integration/alerts.js",
      "file": "cypress/integration/alerts.js",
      "beforeHooks": [],
      "afterHooks": [],
      "tests": [],
      "suites": [
        {
          "uuid": "d4d4e12e-cca5-4a43-a4fa-d7d41161738d",
          "title": "demo",
          "fullFile": "",
          "file": "",
          "beforeHooks": [],
          "afterHooks": [],
          "tests": [
            {
              "title": "input forms",
              "fullTitle": "demo input forms",
              "timedOut": null,
              "duration": 13183,
              "state": "passed",
              "speed": "slow",
              "pass": true,
              "fail": false,
              "pending": false,
              "context": null,
              "code": "cy.visit('http://demo.seleniumeasy.com/'); //opening browser\ncy.get('.at-cm-no-button').click();\ncy.get('.navbar-right > :nth-child(2) > .dropdown-toggle').click();\ncy.get('.open > .dropdown-menu > :nth-child(5) > a').click();\ncy.get(':nth-child(4) > .panel-body > .btn').click();\nobj.alertRunner('I am an alert box!'); // cy.get(':nth-child(5) > .panel-body > .btn').click()\nobj.alertConfirm(false);\nobj.promptBoxAlert();",
              "err": {},
              "uuid": "f38c5b4a-5844-474f-b83c-7ec054061257",
              "parentUUID": "d4d4e12e-cca5-4a43-a4fa-d7d41161738d",
              "isHook": false,
              "skipped": false
            }
          ],
          "suites": [],
          "passes": [
            "f38c5b4a-5844-474f-b83c-7ec054061257"
          ],
          "failures": [],
          "pending": [],
          "skipped": [],
          "duration": 13183,
          "root": false,
          "rootEmpty": false,
          "_timeout": 2000
        }
      ],
      "passes": [],
      "failures": [],
      "pending": [],
      "skipped": [],
      "duration": 0,
      "root": true,
      "rootEmpty": true,
      "_timeout": 2000
    }
  ],
  "meta": {
    "mocha": {
      "version": "7.0.1"
    },
    "mochawesome": {
      "options": {
        "quiet": false,
        "reportFilename": "mochawesome",
        "saveHtml": false,
        "saveJson": true,
        "consoleReporter": "spec",
        "useInlineDiffs": false,
        "code": true
      },
      "version": "7.0.1"
    },
    "marge": {
      "options": {
        "overwrite": false,
        "html": false,
        "json": true
      },
      "version": "6.0.1"
    }
  }
}